<?xml version="1.0" encoding="UTF-8"?>
<!-- Generated by org.testng.reporters.JUnitReportReporter -->
<testsuite hostname="Niwass-MBP.lan" failures="0" tests="5" name="com.SFDCloginCucumber.runnerfiles.SFDCLoginRunner" time="42.091" errors="0" timestamp="2024-02-25T13:34:09 PST" skipped="0">
  <testcase classname="com.SFDCloginCucumber.runnerfiles.SFDCLoginRunner" name="runScenario" time="9.040"/>
  <system-out/>
  <testcase classname="com.SFDCloginCucumber.runnerfiles.SFDCLoginRunner" name="runScenario" time="19.174"/>
  <system-out/>
  <testcase classname="com.SFDCloginCucumber.runnerfiles.SFDCLoginRunner" name="runScenario" time="4.654"/>
  <system-out/>
  <testcase classname="com.SFDCloginCucumber.runnerfiles.SFDCLoginRunner" name="runScenario" time="5.392"/>
  <system-out/>
  <testcase classname="com.SFDCloginCucumber.runnerfiles.SFDCLoginRunner" name="runScenario" time="3.831"/>
  <system-out/>
</testsuite> <!-- com.SFDCloginCucumber.runnerfiles.SFDCLoginRunner -->
