<?xml version="1.0" encoding="UTF-8"?>
<!-- Generated by org.testng.reporters.JUnitReportReporter -->
<testsuite hostname="Niwass-MBP.lan" failures="0" tests="1" name="com.SFDCloginCucumber.runnerfiles.InitialRunner" time="0.065" errors="0" timestamp="2024-02-21T19:06:12 PST" skipped="0">
  <testcase classname="com.SFDCloginCucumber.runnerfiles.InitialRunner" name="runScenario" time="0.065"/>
  <system-out/>
</testsuite> <!-- com.SFDCloginCucumber.runnerfiles.InitialRunner -->
