<?xml version="1.0" encoding="UTF-8"?>
<!-- Generated by org.testng.reporters.JUnitReportReporter -->
<testsuite hostname="Niwass-MBP.lan" failures="0" tests="5" name="com.SFDCloginCucumber.runnerfiles.SFDCLoginRunner" time="41.908" errors="0" timestamp="2024-08-28T12:16:30 PDT" skipped="0">
  <testcase classname="com.SFDCloginCucumber.runnerfiles.SFDCLoginRunner" name="runScenario" time="6.692"/>
  <system-out/>
  <testcase classname="com.SFDCloginCucumber.runnerfiles.SFDCLoginRunner" name="runScenario" time="18.848"/>
  <system-out/>
  <testcase classname="com.SFDCloginCucumber.runnerfiles.SFDCLoginRunner" name="runScenario" time="4.350"/>
  <system-out/>
  <testcase classname="com.SFDCloginCucumber.runnerfiles.SFDCLoginRunner" name="runScenario" time="7.470"/>
  <system-out/>
  <testcase classname="com.SFDCloginCucumber.runnerfiles.SFDCLoginRunner" name="runScenario" time="4.548"/>
  <system-out/>
</testsuite> <!-- com.SFDCloginCucumber.runnerfiles.SFDCLoginRunner -->
