<?xml version="1.0" encoding="UTF-8"?>
<!-- Generated by org.testng.reporters.JUnitReportReporter -->
<testsuite hostname="Niwass-MBP.lan" failures="0" tests="5" name="com.Salesforce.Automation.Salesforcelogin" time="38.140" errors="0" timestamp="2024-02-19T00:38:51 PST" skipped="0">
  <testcase classname="com.Salesforce.Automation.Salesforcelogin" name="CheckRememberme3" time="13.333"/>
  <system-out/>
  <testcase classname="com.Salesforce.Automation.Salesforcelogin" name="LoginError1" time="4.550"/>
  <system-out/>
  <testcase classname="com.Salesforce.Automation.Salesforcelogin" name="LogintoSalesforce2" time="11.195"/>
  <system-out/>
  <testcase classname="com.Salesforce.Automation.Salesforcelogin" name="Forgotpassword4A" time="4.703"/>
  <system-out/>
  <testcase classname="com.Salesforce.Automation.Salesforcelogin" name="Forgotpassword4B" time="4.359"/>
  <system-out/>
</testsuite> <!-- com.Salesforce.Automation.Salesforcelogin -->
