<?xml version="1.0" encoding="UTF-8"?>
<!-- Generated by org.testng.reporters.JUnitReportReporter -->
<testsuite hostname="Niwass-MBP.lan" failures="0" tests="5" name="com.Salesforce.Automation.Salesforcelogin" time="35.891" errors="0" timestamp="2024-03-12T19:21:16 PDT" skipped="0">
  <testcase classname="com.Salesforce.Automation.Salesforcelogin" name="Forgotpassword4A" time="4.218"/>
  <system-out/>
  <testcase classname="com.Salesforce.Automation.Salesforcelogin" name="LoginError1" time="4.150"/>
  <system-out/>
  <testcase classname="com.Salesforce.Automation.Salesforcelogin" name="LogintoSalesforce2" time="9.209"/>
  <system-out/>
  <testcase classname="com.Salesforce.Automation.Salesforcelogin" name="CheckRememberme3" time="12.237"/>
  <system-out/>
  <testcase classname="com.Salesforce.Automation.Salesforcelogin" name="Forgotpassword4B" time="6.077"/>
  <system-out/>
</testsuite> <!-- com.Salesforce.Automation.Salesforcelogin -->
