<?xml version="1.0" encoding="UTF-8"?>
<!-- Generated by org.testng.reporters.JUnitReportReporter -->
<testsuite hostname="Niwass-MBP.lan" failures="0" tests="8" name="com.Salesforce.Automation.SalesforceContacts" time="138.046" errors="0" timestamp="2024-02-20T22:18:59 PST" skipped="0">
  <testcase classname="com.Salesforce.Automation.SalesforceContacts" name="TC32" time="12.780"/>
  <system-out/>
  <testcase classname="com.Salesforce.Automation.SalesforceContacts" name="TC27" time="10.565"/>
  <system-out/>
  <testcase classname="com.Salesforce.Automation.SalesforceContacts" name="TC31" time="26.836"/>
  <system-out/>
  <testcase classname="com.Salesforce.Automation.SalesforceContacts" name="TC28" time="15.947"/>
  <system-out/>
  <testcase classname="com.Salesforce.Automation.SalesforceContacts" name="TC25" time="14.866"/>
  <system-out/>
  <testcase classname="com.Salesforce.Automation.SalesforceContacts" name="TC29" time="16.458"/>
  <system-out/>
  <testcase classname="com.Salesforce.Automation.SalesforceContacts" name="TC26" time="23.240"/>
  <system-out/>
  <testcase classname="com.Salesforce.Automation.SalesforceContacts" name="TC30" time="17.354"/>
  <system-out/>
</testsuite> <!-- com.Salesforce.Automation.SalesforceContacts -->
