<?xml version="1.0" encoding="UTF-8"?>
<!-- Generated by org.testng.reporters.JUnitReportReporter -->
<testsuite hostname="Niwass-MBP.lan" failures="0" tests="5" name="com.Salesforce.Automation.Salesforceopty" time="86.966" errors="0" timestamp="2024-02-20T22:18:59 PST" skipped="0">
  <testcase classname="com.Salesforce.Automation.Salesforceopty" name="TC19" time="16.961"/>
  <system-out/>
  <testcase classname="com.Salesforce.Automation.Salesforceopty" name="TC16" time="20.761"/>
  <system-out/>
  <testcase classname="com.Salesforce.Automation.Salesforceopty" name="TC17" time="16.699"/>
  <system-out/>
  <testcase classname="com.Salesforce.Automation.Salesforceopty" name="TC15" time="16.349"/>
  <system-out/>
  <testcase classname="com.Salesforce.Automation.Salesforceopty" name="TC18" time="16.196"/>
  <system-out/>
</testsuite> <!-- com.Salesforce.Automation.Salesforceopty -->
