<?xml version="1.0" encoding="UTF-8"?>
<!-- Generated by org.testng.reporters.JUnitReportReporter -->
<testsuite hostname="Niwass-MBP.lan" failures="0" tests="5" name="com.Salesforce.Automation.SalesforceRandomScenario" time="78.498" errors="0" timestamp="2024-02-20T22:18:59 PST" skipped="0">
  <testcase classname="com.Salesforce.Automation.SalesforceRandomScenario" name="TC35" time="11.649"/>
  <system-out/>
  <testcase classname="com.Salesforce.Automation.SalesforceRandomScenario" name="TC37" time="18.752"/>
  <system-out/>
  <testcase classname="com.Salesforce.Automation.SalesforceRandomScenario" name="TC36" time="17.413"/>
  <system-out/>
  <testcase classname="com.Salesforce.Automation.SalesforceRandomScenario" name="TC33" time="13.751"/>
  <system-out/>
  <testcase classname="com.Salesforce.Automation.SalesforceRandomScenario" name="TC34" time="16.933"/>
  <system-out/>
</testsuite> <!-- com.Salesforce.Automation.SalesforceRandomScenario -->
