<?xml version="1.0" encoding="UTF-8"?>
<!-- Generated by org.testng.reporters.JUnitReportReporter -->
<testsuite hostname="Niwass-MBP.lan" failures="0" tests="1" name="com.Salesforce.Automation.Salesforcelogin" time="15.116" errors="0" timestamp="2024-02-19T00:37:18 PST" skipped="0">
  <testcase classname="com.Salesforce.Automation.Salesforcelogin" name="CheckRememberme3" time="15.116"/>
  <system-out/>
</testsuite> <!-- com.Salesforce.Automation.Salesforcelogin -->
