<?xml version="1.0" encoding="UTF-8"?>
<!-- Generated by org.testng.reporters.JUnitReportReporter -->
<testsuite hostname="Niwass-MBP.lan" failures="0" tests="8" name="com.Salesforce.Automation.SalesforceContacts" time="142.058" errors="0" timestamp="2024-02-14T15:42:43 PST" skipped="0">
  <testcase classname="com.Salesforce.Automation.SalesforceContacts" name="TC32" time="11.494"/>
  <system-out/>
  <testcase classname="com.Salesforce.Automation.SalesforceContacts" name="TC29" time="17.686"/>
  <system-out/>
  <testcase classname="com.Salesforce.Automation.SalesforceContacts" name="TC31" time="28.514"/>
  <system-out/>
  <testcase classname="com.Salesforce.Automation.SalesforceContacts" name="TC30" time="17.796"/>
  <system-out/>
  <testcase classname="com.Salesforce.Automation.SalesforceContacts" name="TC28" time="18.090"/>
  <system-out/>
  <testcase classname="com.Salesforce.Automation.SalesforceContacts" name="TC25" time="14.330"/>
  <system-out/>
  <testcase classname="com.Salesforce.Automation.SalesforceContacts" name="TC27" time="10.847"/>
  <system-out/>
  <testcase classname="com.Salesforce.Automation.SalesforceContacts" name="TC26" time="23.301"/>
  <system-out/>
</testsuite> <!-- com.Salesforce.Automation.SalesforceContacts -->
