<?xml version="1.0" encoding="UTF-8"?>
<!-- Generated by org.testng.reporters.JUnitReportReporter -->
<testsuite hostname="Niwass-MacBook-Pro.local" failures="0" tests="10" name="com.Salesforce.Automation.Salesforcelogin" time="100.729" errors="0" timestamp="2024-07-10T12:45:53 IST" skipped="0">
  <testcase classname="com.Salesforce.Automation.Salesforcelogin" name="CheckRememberme3" time="17.696"/>
  <system-out/>
  <testcase classname="com.Salesforce.Automation.Salesforcelogin" name="Forgotpassword4A" time="6.894"/>
  <system-out/>
  <testcase classname="com.Salesforce.Automation.Salesforcelogin" name="LogintoSalesforce2" time="11.325"/>
  <system-out/>
  <testcase classname="com.Salesforce.Automation.Salesforcelogin" name="Forgotpassword4A" time="7.523"/>
  <system-out/>
  <testcase classname="com.Salesforce.Automation.Salesforcelogin" name="LogintoSalesforce2" time="12.860"/>
  <system-out/>
  <testcase classname="com.Salesforce.Automation.Salesforcelogin" name="Forgotpassword4B" time="7.251"/>
  <system-out/>
  <testcase classname="com.Salesforce.Automation.Salesforcelogin" name="Forgotpassword4B" time="5.132"/>
  <system-out/>
  <testcase classname="com.Salesforce.Automation.Salesforcelogin" name="LoginError1" time="6.064"/>
  <system-out/>
  <testcase classname="com.Salesforce.Automation.Salesforcelogin" name="CheckRememberme3" time="19.697"/>
  <system-out/>
  <testcase classname="com.Salesforce.Automation.Salesforcelogin" name="LoginError1" time="6.287"/>
  <system-out/>
</testsuite> <!-- com.Salesforce.Automation.Salesforcelogin -->
