<?xml version="1.0" encoding="UTF-8"?>
<!-- Generated by org.testng.reporters.JUnitReportReporter -->
<testsuite hostname="Niwass-MBP.lan" failures="0" tests="5" name="com.Salesforce.Automation.Salesforcelogin" time="32.761" errors="0" timestamp="2024-02-25T22:11:19 PST" skipped="0">
  <testcase classname="com.Salesforce.Automation.Salesforcelogin" name="Forgotpassword4A" time="4.430"/>
  <system-out/>
  <testcase classname="com.Salesforce.Automation.Salesforcelogin" name="CheckRememberme3" time="10.550"/>
  <system-out/>
  <testcase classname="com.Salesforce.Automation.Salesforcelogin" name="LogintoSalesforce2" time="9.547"/>
  <system-out/>
  <testcase classname="com.Salesforce.Automation.Salesforcelogin" name="Forgotpassword4B" time="3.791"/>
  <system-out/>
  <testcase classname="com.Salesforce.Automation.Salesforcelogin" name="LoginError1" time="4.443"/>
  <system-out/>
</testsuite> <!-- com.Salesforce.Automation.Salesforcelogin -->
