<?xml version="1.0" encoding="UTF-8"?>
<!-- Generated by org.testng.reporters.JUnitReportReporter -->
<testsuite hostname="Niwass-MBP.lan" failures="0" tests="8" name="org.GitHub.CRUD.GitHub" time="7.905" errors="0" timestamp="2024-03-21T19:43:10 PDT" skipped="0">
  <testcase classname="org.GitHub.CRUD.GitHub" name="validateGetAllRepository" time="1.404"/>
  <system-out/>
  <testcase classname="org.GitHub.CRUD.GitHub" name="validateAddDataFunctionality" time="1.279"/>
  <system-out/>
  <testcase classname="org.GitHub.CRUD.GitHub" name="negativevalidationGetSingleRepository" time="2.707"/>
  <system-out/>
  <testcase classname="org.GitHub.CRUD.GitHub" name="validateGetSingleRepository" time="0.534"/>
  <system-out/>
  <testcase classname="org.GitHub.CRUD.GitHub" name="negativeAddDataFunctionality" time="0.449"/>
  <system-out/>
  <testcase classname="org.GitHub.CRUD.GitHub" name="validateUpdateDataFunctionality" time="0.678"/>
  <system-out/>
  <testcase classname="org.GitHub.CRUD.GitHub" name="validateDeleteData" time="0.481"/>
  <system-out/>
  <testcase classname="org.GitHub.CRUD.GitHub" name="negativeDeleteData" time="0.373"/>
  <system-out/>
</testsuite> <!-- org.GitHub.CRUD.GitHub -->
